/nfs/c3po/home/ge69xij/MasterThesisMaterial/scripts/cuda_code/benchmark_cuda_sparse_dense_A_mul_Bt_chequered_compile_time_value.cu(543): warning #177-D: variable "CoreA_sparse" was declared but never referenced

/nfs/c3po/home/ge69xij/MasterThesisMaterial/scripts/cuda_code/benchmark_cuda_sparse_dense_At_mul_Bt_band_compile_time_value.cu(461): warning #177-D: variable "CoreA_sparse" was declared but never referenced

/nfs/c3po/home/ge69xij/MasterThesisMaterial/scripts/cuda_code/benchmark_cuda_sparse_dense_A_mul_Bt_band_compile_time_value.cu(445): warning #177-D: variable "CoreA_sparse" was declared but never referenced

/nfs/c3po/home/ge69xij/MasterThesisMaterial/scripts/cuda_code/benchmark_cuda_sparse_dense_At_mul_Bt_chequered_compile_time_value.cu(558): warning #177-D: variable "CoreA_sparse" was declared but never referenced

cc1plus: fatal error: /nfs/c3po/home/ge69xij/MasterThesisMaterial/scripts/cuda_code/benchmark_cuda_sparse_dense_A_mul_Bt_band.cu: No such file or directory
compilation terminated.
/bin/sh: 1: /nfs/c3po/home/ge69xij/MasterThesisMaterial/scripts/cuda_executables/sparse_dense_A_mul_Bt_band: not found
cc1plus: fatal error: /nfs/c3po/home/ge69xij/MasterThesisMaterial/scripts/cuda_code/benchmark_cuda_sparse_dense_At_mul_B_full_compile_time_value.cu: No such file or directory
compilation terminated.
/bin/sh: 1: /nfs/c3po/home/ge69xij/MasterThesisMaterial/scripts/cuda_executables/sparse_dense_At_mul_B_full_compile_time_value: not found
cc1plus: fatal error: /nfs/c3po/home/ge69xij/MasterThesisMaterial/scripts/cuda_code/benchmark_cuda_sparse_dense_A_mul_Bt_random_compile_time_value.cu: No such file or directory
compilation terminated.
/bin/sh: 1: /nfs/c3po/home/ge69xij/MasterThesisMaterial/scripts/cuda_executables/sparse_dense_A_mul_Bt_random_compile_time_value: not found
cc1plus: fatal error: /nfs/c3po/home/ge69xij/MasterThesisMaterial/scripts/cuda_code/benchmark_cuda_sparse_dense_At_mul_B_band.cu: No such file or directory
compilation terminated.
/bin/sh: 1: /nfs/c3po/home/ge69xij/MasterThesisMaterial/scripts/cuda_executables/sparse_dense_At_mul_B_band: not found
cc1plus: fatal error: /nfs/c3po/home/ge69xij/MasterThesisMaterial/scripts/cuda_code/benchmark_cuda_sparse_dense_At_mul_Bt_full.cu: No such file or directory
compilation terminated.
/bin/sh: 1: /nfs/c3po/home/ge69xij/MasterThesisMaterial/scripts/cuda_executables/sparse_dense_At_mul_Bt_full: not found
cc1plus: fatal error: /nfs/c3po/home/ge69xij/MasterThesisMaterial/scripts/cuda_code/benchmark_cuda_sparse_dense_At_mul_B_random.cu: No such file or directory
compilation terminated.
/bin/sh: 1: /nfs/c3po/home/ge69xij/MasterThesisMaterial/scripts/cuda_executables/sparse_dense_At_mul_B_random: not found
cc1plus: fatal error: /nfs/c3po/home/ge69xij/MasterThesisMaterial/scripts/cuda_code/benchmark_cuda_sparse_dense_A_mul_B_random_compile_time_value.cu: No such file or directory
compilation terminated.
/bin/sh: 1: /nfs/c3po/home/ge69xij/MasterThesisMaterial/scripts/cuda_executables/sparse_dense_A_mul_B_random_compile_time_value: not found
cc1plus: fatal error: /nfs/c3po/home/ge69xij/MasterThesisMaterial/scripts/cuda_code/benchmark_cuda_sparse_dense_At_mul_Bt_full_compile_time_value.cu: No such file or directory
compilation terminated.
/bin/sh: 1: /nfs/c3po/home/ge69xij/MasterThesisMaterial/scripts/cuda_executables/sparse_dense_At_mul_Bt_full_compile_time_value: not found
cc1plus: fatal error: /nfs/c3po/home/ge69xij/MasterThesisMaterial/scripts/cuda_code/benchmark_cuda_sparse_dense_A_mul_B_chequered.cu: No such file or directory
compilation terminated.
/bin/sh: 1: /nfs/c3po/home/ge69xij/MasterThesisMaterial/scripts/cuda_executables/sparse_dense_A_mul_B_chequered: not found
cc1plus: fatal error: /nfs/c3po/home/ge69xij/MasterThesisMaterial/scripts/cuda_code/benchmark_cuda_sparse_dense_At_mul_Bt_random.cu: No such file or directory
compilation terminated.
/bin/sh: 1: /nfs/c3po/home/ge69xij/MasterThesisMaterial/scripts/cuda_executables/sparse_dense_At_mul_Bt_random: not found
cc1plus: fatal error: /nfs/c3po/home/ge69xij/MasterThesisMaterial/scripts/cuda_code/benchmark_cuda_sparse_dense_At_mul_Bt_band.cu: No such file or directory
compilation terminated.
/bin/sh: 1: /nfs/c3po/home/ge69xij/MasterThesisMaterial/scripts/cuda_executables/sparse_dense_At_mul_Bt_band: not found
cc1plus: fatal error: /nfs/c3po/home/ge69xij/MasterThesisMaterial/scripts/cuda_code/benchmark_cuda_sparse_dense_A_mul_B_band_compile_time_value.cu: No such file or directory
compilation terminated.
/bin/sh: 1: /nfs/c3po/home/ge69xij/MasterThesisMaterial/scripts/cuda_executables/sparse_dense_A_mul_B_band_compile_time_value: not found
cc1plus: fatal error: /nfs/c3po/home/ge69xij/MasterThesisMaterial/scripts/cuda_code/benchmark_cuda_sparse_dense_At_mul_Bt_random_compile_time_value.cu: No such file or directory
compilation terminated.
/bin/sh: 1: /nfs/c3po/home/ge69xij/MasterThesisMaterial/scripts/cuda_executables/sparse_dense_At_mul_Bt_random_compile_time_value: not found
cc1plus: fatal error: /nfs/c3po/home/ge69xij/MasterThesisMaterial/scripts/cuda_code/benchmark_cuda_sparse_dense_A_mul_Bt_full.cu: No such file or directory
compilation terminated.
/bin/sh: 1: /nfs/c3po/home/ge69xij/MasterThesisMaterial/scripts/cuda_executables/sparse_dense_A_mul_Bt_full: not found
cc1plus: fatal error: /nfs/c3po/home/ge69xij/MasterThesisMaterial/scripts/cuda_code/benchmark_cuda_sparse_dense_At_mul_B_chequered_compile_time_value.cu: No such file or directory
compilation terminated.
/bin/sh: 1: /nfs/c3po/home/ge69xij/MasterThesisMaterial/scripts/cuda_executables/sparse_dense_At_mul_B_chequered_compile_time_value: not found
cc1plus: fatal error: /nfs/c3po/home/ge69xij/MasterThesisMaterial/scripts/cuda_code/benchmark_cuda_sparse_dense_At_mul_B_band_compile_time_value.cu: No such file or directory
compilation terminated.
/bin/sh: 1: /nfs/c3po/home/ge69xij/MasterThesisMaterial/scripts/cuda_executables/sparse_dense_At_mul_B_band_compile_time_value: not found
cc1plus: fatal error: /nfs/c3po/home/ge69xij/MasterThesisMaterial/scripts/cuda_code/benchmark_cuda_sparse_dense_A_mul_B_chequered_compile_time_value.cu: No such file or directory
compilation terminated.
/bin/sh: 1: /nfs/c3po/home/ge69xij/MasterThesisMaterial/scripts/cuda_executables/sparse_dense_A_mul_B_chequered_compile_time_value: not found
cc1plus: fatal error: /nfs/c3po/home/ge69xij/MasterThesisMaterial/scripts/cuda_code/benchmark_cuda_sparse_dense_A_mul_B_full_compile_time_value.cu: No such file or directory
compilation terminated.
/bin/sh: 1: /nfs/c3po/home/ge69xij/MasterThesisMaterial/scripts/cuda_executables/sparse_dense_A_mul_B_full_compile_time_value: not found
cc1plus: fatal error: /nfs/c3po/home/ge69xij/MasterThesisMaterial/scripts/cuda_code/benchmark_cuda_sparse_dense_At_mul_B_random_compile_time_value.cu: No such file or directory
compilation terminated.
/bin/sh: 1: /nfs/c3po/home/ge69xij/MasterThesisMaterial/scripts/cuda_executables/sparse_dense_At_mul_B_random_compile_time_value: not found
cc1plus: fatal error: /nfs/c3po/home/ge69xij/MasterThesisMaterial/scripts/cuda_code/benchmark_cuda_sparse_dense_A_mul_Bt_full_compile_time_value.cu: No such file or directory
compilation terminated.
/bin/sh: 1: /nfs/c3po/home/ge69xij/MasterThesisMaterial/scripts/cuda_executables/sparse_dense_A_mul_Bt_full_compile_time_value: not found
cc1plus: fatal error: /nfs/c3po/home/ge69xij/MasterThesisMaterial/scripts/cuda_code/benchmark_cuda_sparse_dense_A_mul_Bt_random.cu: No such file or directory
compilation terminated.
/bin/sh: 1: /nfs/c3po/home/ge69xij/MasterThesisMaterial/scripts/cuda_executables/sparse_dense_A_mul_Bt_random: not found
cc1plus: fatal error: /nfs/c3po/home/ge69xij/MasterThesisMaterial/scripts/cuda_code/benchmark_cuda_sparse_dense_At_mul_B_chequered.cu: No such file or directory
compilation terminated.
/bin/sh: 1: /nfs/c3po/home/ge69xij/MasterThesisMaterial/scripts/cuda_executables/sparse_dense_At_mul_B_chequered: not found
cc1plus: fatal error: /nfs/c3po/home/ge69xij/MasterThesisMaterial/scripts/cuda_code/benchmark_cuda_sparse_dense_A_mul_B_full.cu: No such file or directory
compilation terminated.
/bin/sh: 1: /nfs/c3po/home/ge69xij/MasterThesisMaterial/scripts/cuda_executables/sparse_dense_A_mul_B_full: not found
cc1plus: fatal error: /nfs/c3po/home/ge69xij/MasterThesisMaterial/scripts/cuda_code/benchmark_cuda_sparse_dense_At_mul_Bt_chequered.cu: No such file or directory
compilation terminated.
/bin/sh: 1: /nfs/c3po/home/ge69xij/MasterThesisMaterial/scripts/cuda_executables/sparse_dense_At_mul_Bt_chequered: not found
cc1plus: fatal error: /nfs/c3po/home/ge69xij/MasterThesisMaterial/scripts/cuda_code/benchmark_cuda_sparse_dense_A_mul_B_band.cu: No such file or directory
compilation terminated.
/bin/sh: 1: /nfs/c3po/home/ge69xij/MasterThesisMaterial/scripts/cuda_executables/sparse_dense_A_mul_B_band: not found
cc1plus: fatal error: /nfs/c3po/home/ge69xij/MasterThesisMaterial/scripts/cuda_code/benchmark_cuda_sparse_dense_At_mul_B_full.cu: No such file or directory
compilation terminated.
/bin/sh: 1: /nfs/c3po/home/ge69xij/MasterThesisMaterial/scripts/cuda_executables/sparse_dense_At_mul_B_full: not found
cc1plus: fatal error: /nfs/c3po/home/ge69xij/MasterThesisMaterial/scripts/cuda_code/benchmark_cuda_sparse_dense_A_mul_Bt_chequered.cu: No such file or directory
compilation terminated.
/bin/sh: 1: /nfs/c3po/home/ge69xij/MasterThesisMaterial/scripts/cuda_executables/sparse_dense_A_mul_Bt_chequered: not found
